{"name": "Создание заказа без авторизации", "status": "failed", "statusDetails": {"message": "AssertionError: assert 200 == 401\n +  where 200 = <Response [200]>.status_code", "trace": "self = <test_04_create_order.TestCreateOrder object at 0x102287b00>\ningredients = ['61c0c5a71d1f82001bdaaa6d', '61c0c5a71d1f82001bdaaa6f', '61c0c5a71d1f82001bdaaa70', '61c0c5a71d1f82001bdaaa71', '61c0c5a71d1f82001bdaaa72', '61c0c5a71d1f82001bdaaa6e', ...]\n\n    @allure.title(\"Создание заказа без авторизации\")\n    def test_create_order_without_auth(self, ingredients):\n        order_data = {\"ingredients\": ingredients[:2]}\n        response = requests.post(DataUrl.BASE_URL + self.endpoint_create_order, json=order_data)\n    \n>       assert response.status_code == 401\nE       assert 200 == 401\nE        +  where 200 = <Response [200]>.status_code\n\ntests/test_04_create_order.py:25: AssertionError"}, "start": 1731179783632, "stop": 1731179784289, "uuid": "33b945c4-2d9a-4ced-8905-b1c333d1cb03", "historyId": "ff731fc8d038e6ddbc0e140109bfe4da", "testCaseId": "ff731fc8d038e6ddbc0e140109bfe4da", "fullName": "tests.test_04_create_order.TestCreateOrder#test_create_order_without_auth", "labels": [{"name": "story", "value": "4. Создание заказа"}, {"name": "parentSuite", "value": "tests"}, {"name": "suite", "value": "test_04_create_order"}, {"name": "subSuite", "value": "TestCreateOrder"}, {"name": "host", "value": "MBP-Vlad"}, {"name": "thread", "value": "8112-MainThread"}, {"name": "framework", "value": "pytest"}, {"name": "language", "value": "cpython3"}, {"name": "package", "value": "tests.test_04_create_order"}]}